<?xml version="1.0" encoding="UTF-8"?>
<testsuite name="CalculadoraTest" tests="4" skipped="0" failures="0" errors="0" timestamp="2020-09-01T10:59:28" hostname="JULIANP-HENAO" time="0.004">
  <properties/>
  <testcase name="testResta" classname="CalculadoraTest" time="0.002"/>
  <testcase name="testSuma" classname="CalculadoraTest" time="0.001"/>
  <testcase name="testMultiplicacion" classname="CalculadoraTest" time="0.0"/>
  <testcase name="testDivision" classname="CalculadoraTest" time="0.0"/>
  <system-out><![CDATA[]]></system-out>
  <system-err><![CDATA[]]></system-err>
</testsuite>
